[2020-09-04 04:11:36] local.ERROR: SQLSTATE[HY000] [2002] Connection refused (SQL: select * from `users` where `email` = admin@mail.com limit 1) {"exception":"[object] (Illuminate\\Database\\QueryException(code: 2002): SQLSTATE[HY000] [2002] Connection refused (SQL: select * from `users` where `email` = admin@mail.com limit 1) at /home/nwe/Desktop/laravel-app/laravel_e-commerce_original/vendor/laravel/framework/src/Illuminate/Database/Connection.php:664, PDOException(code: 2002): SQLSTATE[HY000] [2002] Connection refused at /home/nwe/Desktop/laravel-app/laravel_e-commerce_original/vendor/laravel/framework/src/Illuminate/Database/Connectors/Connector.php:70)
[stacktrace]
#0 /home/nwe/Desktop/laravel-app/laravel_e-commerce_original/vendor/laravel/framework/src/Illuminate/Database/Connection.php(624): Illuminate\\Database\\Connection->runQueryCallback()
#1 /home/nwe/Desktop/laravel-app/laravel_e-commerce_original/vendor/laravel/framework/src/Illuminate/Database/Connection.php(333): Illuminate\\Database\\Connection->run()
#2 /home/nwe/Desktop/laravel-app/laravel_e-commerce_original/vendor/laravel/framework/src/Illuminate/Database/Query/Builder.php(2130): Illuminate\\Database\\Connection->select()
#3 /home/nwe/Desktop/laravel-app/laravel_e-commerce_original/vendor/laravel/framework/src/Illuminate/Database/Query/Builder.php(2118): Illuminate\\Database\\Query\\Builder->runSelect()
#4 /home/nwe/Desktop/laravel-app/laravel_e-commerce_original/vendor/laravel/framework/src/Illuminate/Database/Query/Builder.php(2604): Illuminate\\Database\\Query\\Builder->Illuminate\\Database\\Query\\{closure}()
#5 /home/nwe/Desktop/laravel-app/laravel_e-commerce_original/vendor/laravel/framework/src/Illuminate/Database/Query/Builder.php(2119): Illuminate\\Database\\Query\\Builder->onceWithColumns()
#6 /home/nwe/Desktop/laravel-app/laravel_e-commerce_original/vendor/laravel/framework/src/Illuminate/Database/Eloquent/Builder.php(521): Illuminate\\Database\\Query\\Builder->get()
#7 /home/nwe/Desktop/laravel-app/laravel_e-commerce_original/vendor/laravel/framework/src/Illuminate/Database/Eloquent/Builder.php(505): Illuminate\\Database\\Eloquent\\Builder->getModels()
#8 /home/nwe/Desktop/laravel-app/laravel_e-commerce_original/vendor/laravel/framework/src/Illuminate/Database/Concerns/BuildsQueries.php(77): Illuminate\\Database\\Eloquent\\Builder->get()
#9 /home/nwe/Desktop/laravel-app/laravel_e-commerce_original/vendor/laravel/framework/src/Illuminate/Auth/EloquentUserProvider.php(131): Illuminate\\Database\\Eloquent\\Builder->first()
#10 /home/nwe/Desktop/laravel-app/laravel_e-commerce_original/vendor/laravel/framework/src/Illuminate/Auth/SessionGuard.php(349): Illuminate\\Auth\\EloquentUserProvider->retrieveByCredentials()
#11 /home/nwe/Desktop/laravel-app/laravel_e-commerce_original/vendor/laravel/framework/src/Illuminate/Foundation/Auth/AuthenticatesUsers.php(82): Illuminate\\Auth\\SessionGuard->attempt()
#12 /home/nwe/Desktop/laravel-app/laravel_e-commerce_original/vendor/laravel/framework/src/Illuminate/Foundation/Auth/AuthenticatesUsers.php(45): App\\Http\\Controllers\\Auth\\LoginController->attemptLogin()
#13 [internal function]: App\\Http\\Controllers\\Auth\\LoginController->login()
#14 /home/nwe/Desktop/laravel-app/laravel_e-commerce_original/vendor/laravel/framework/src/Illuminate/Routing/Controller.php(54): call_user_func_array()
#15 /home/nwe/Desktop/laravel-app/laravel_e-commerce_original/vendor/laravel/framework/src/Illuminate/Routing/ControllerDispatcher.php(45): Illuminate\\Routing\\Controller->callAction()
#16 /home/nwe/Desktop/laravel-app/laravel_e-commerce_original/vendor/laravel/framework/src/Illuminate/Routing/Route.php(219): Illuminate\\Routing\\ControllerDispatcher->dispatch()
#17 /home/nwe/Desktop/laravel-app/laravel_e-commerce_original/vendor/laravel/framework/src/Illuminate/Routing/Route.php(176): Illuminate\\Routing\\Route->runController()
#18 /home/nwe/Desktop/laravel-app/laravel_e-commerce_original/vendor/laravel/framework/src/Illuminate/Routing/Router.php(680): Illuminate\\Routing\\Route->run()
#19 /home/nwe/Desktop/laravel-app/laravel_e-commerce_original/vendor/laravel/framework/src/Illuminate/Routing/Pipeline.php(30): Illuminate\\Routing\\Router->Illuminate\\Routing\\{closure}()
#20 /home/nwe/Desktop/laravel-app/laravel_e-commerce_original/app/Http/Middleware/RedirectIfAuthenticated.php(24): Illuminate\\Routing\\Pipeline->Illuminate\\Routing\\{closure}()
#21 /home/nwe/Desktop/laravel-app/laravel_e-commerce_original/vendor/laravel/framework/src/Illuminate/Pipeline/Pipeline.php(163): App\\Http\\Middleware\\RedirectIfAuthenticated->handle()
#22 /home/nwe/Desktop/laravel-app/laravel_e-commerce_original/vendor/laravel/framework/src/Illuminate/Routing/Pipeline.php(53): Illuminate\\Pipeline\\Pipeline->Illuminate\\Pipeline\\{closure}()
#23 /home/nwe/Desktop/laravel-app/laravel_e-commerce_original/vendor/laravel/framework/src/Illuminate/Routing/Middleware/SubstituteBindings.php(41): Illuminate\\Routing\\Pipeline->Illuminate\\Routing\\{closure}()
#24 /home/nwe/Desktop/laravel-app/laravel_e-commerce_original/vendor/laravel/framework/src/Illuminate/Pipeline/Pipeline.php(163): Illuminate\\Routing\\Middleware\\SubstituteBindings->handle()
#25 /home/nwe/Desktop/laravel-app/laravel_e-commerce_original/vendor/laravel/framework/src/Illuminate/Routing/Pipeline.php(53): Illuminate\\Pipeline\\Pipeline->Illuminate\\Pipeline\\{closure}()
#26 /home/nwe/Desktop/laravel-app/laravel_e-commerce_original/vendor/laravel/framework/src/Illuminate/Foundation/Http/Middleware/VerifyCsrfToken.php(75): Illuminate\\Routing\\Pipeline->Illuminate\\Routing\\{closure}()
#27 /home/nwe/Desktop/laravel-app/laravel_e-commerce_original/vendor/laravel/framework/src/Illuminate/Pipeline/Pipeline.php(163): Illuminate\\Foundation\\Http\\Middleware\\VerifyCsrfToken->handle()
#28 /home/nwe/Desktop/laravel-app/laravel_e-commerce_original/vendor/laravel/framework/src/Illuminate/Routing/Pipeline.php(53): Illuminate\\Pipeline\\Pipeline->Illuminate\\Pipeline\\{closure}()
#29 /home/nwe/Desktop/laravel-app/laravel_e-commerce_original/vendor/laravel/framework/src/Illuminate/View/Middleware/ShareErrorsFromSession.php(49): Illuminate\\Routing\\Pipeline->Illuminate\\Routing\\{closure}()
#30 /home/nwe/Desktop/laravel-app/laravel_e-commerce_original/vendor/laravel/framework/src/Illuminate/Pipeline/Pipeline.php(163): Illuminate\\View\\Middleware\\ShareErrorsFromSession->handle()
#31 /home/nwe/Desktop/laravel-app/laravel_e-commerce_original/vendor/laravel/framework/src/Illuminate/Routing/Pipeline.php(53): Illuminate\\Pipeline\\Pipeline->Illuminate\\Pipeline\\{closure}()
#32 /home/nwe/Desktop/laravel-app/laravel_e-commerce_original/vendor/laravel/framework/src/Illuminate/Session/Middleware/StartSession.php(56): Illuminate\\Routing\\Pipeline->Illuminate\\Routing\\{closure}()
#33 /home/nwe/Desktop/laravel-app/laravel_e-commerce_original/vendor/laravel/framework/src/Illuminate/Pipeline/Pipeline.php(163): Illuminate\\Session\\Middleware\\StartSession->handle()
#34 /home/nwe/Desktop/laravel-app/laravel_e-commerce_original/vendor/laravel/framework/src/Illuminate/Routing/Pipeline.php(53): Illuminate\\Pipeline\\Pipeline->Illuminate\\Pipeline\\{closure}()
#35 /home/nwe/Desktop/laravel-app/laravel_e-commerce_original/vendor/laravel/framework/src/Illuminate/Cookie/Middleware/AddQueuedCookiesToResponse.php(37): Illuminate\\Routing\\Pipeline->Illuminate\\Routing\\{closure}()
#36 /home/nwe/Desktop/laravel-app/laravel_e-commerce_original/vendor/laravel/framework/src/Illuminate/Pipeline/Pipeline.php(163): Illuminate\\Cookie\\Middleware\\AddQueuedCookiesToResponse->handle()
#37 /home/nwe/Desktop/laravel-app/laravel_e-commerce_original/vendor/laravel/framework/src/Illuminate/Routing/Pipeline.php(53): Illuminate\\Pipeline\\Pipeline->Illuminate\\Pipeline\\{closure}()
#38 /home/nwe/Desktop/laravel-app/laravel_e-commerce_original/vendor/laravel/framework/src/Illuminate/Cookie/Middleware/EncryptCookies.php(66): Illuminate\\Routing\\Pipeline->Illuminate\\Routing\\{closure}()
#39 /home/nwe/Desktop/laravel-app/laravel_e-commerce_original/vendor/laravel/framework/src/Illuminate/Pipeline/Pipeline.php(163): Illuminate\\Cookie\\Middleware\\EncryptCookies->handle()
#40 /home/nwe/Desktop/laravel-app/laravel_e-commerce_original/vendor/laravel/framework/src/Illuminate/Routing/Pipeline.php(53): Illuminate\\Pipeline\\Pipeline->Illuminate\\Pipeline\\{closure}()
#41 /home/nwe/Desktop/laravel-app/laravel_e-commerce_original/vendor/laravel/framework/src/Illuminate/Pipeline/Pipeline.php(104): Illuminate\\Routing\\Pipeline->Illuminate\\Routing\\{closure}()
#42 /home/nwe/Desktop/laravel-app/laravel_e-commerce_original/vendor/laravel/framework/src/Illuminate/Routing/Router.php(682): Illuminate\\Pipeline\\Pipeline->then()
#43 /home/nwe/Desktop/laravel-app/laravel_e-commerce_original/vendor/laravel/framework/src/Illuminate/Routing/Router.php(657): Illuminate\\Routing\\Router->runRouteWithinStack()
#44 /home/nwe/Desktop/laravel-app/laravel_e-commerce_original/vendor/laravel/framework/src/Illuminate/Routing/Router.php(623): Illuminate\\Routing\\Router->runRoute()
#45 /home/nwe/Desktop/laravel-app/laravel_e-commerce_original/vendor/laravel/framework/src/Illuminate/Routing/Router.php(612): Illuminate\\Routing\\Router->dispatchToRoute()
#46 /home/nwe/Desktop/laravel-app/laravel_e-commerce_original/vendor/laravel/framework/src/Illuminate/Foundation/Http/Kernel.php(176): Illuminate\\Routing\\Router->dispatch()
#47 /home/nwe/Desktop/laravel-app/laravel_e-commerce_original/vendor/laravel/framework/src/Illuminate/Routing/Pipeline.php(30): Illuminate\\Foundation\\Http\\Kernel->Illuminate\\Foundation\\Http\\{closure}()
#48 /home/nwe/Desktop/laravel-app/laravel_e-commerce_original/vendor/laravel/framework/src/Illuminate/Foundation/Http/Middleware/TransformsRequest.php(21): Illuminate\\Routing\\Pipeline->Illuminate\\Routing\\{closure}()
#49 /home/nwe/Desktop/laravel-app/laravel_e-commerce_original/vendor/laravel/framework/src/Illuminate/Pipeline/Pipeline.php(163): Illuminate\\Foundation\\Http\\Middleware\\TransformsRequest->handle()
#50 /home/nwe/Desktop/laravel-app/laravel_e-commerce_original/vendor/laravel/framework/src/Illuminate/Routing/Pipeline.php(53): Illuminate\\Pipeline\\Pipeline->Illuminate\\Pipeline\\{closure}()
#51 /home/nwe/Desktop/laravel-app/laravel_e-commerce_original/vendor/laravel/framework/src/Illuminate/Foundation/Http/Middleware/TransformsRequest.php(21): Illuminate\\Routing\\Pipeline->Illuminate\\Routing\\{closure}()
#52 /home/nwe/Desktop/laravel-app/laravel_e-commerce_original/vendor/laravel/framework/src/Illuminate/Pipeline/Pipeline.php(163): Illuminate\\Foundation\\Http\\Middleware\\TransformsRequest->handle()
#53 /home/nwe/Desktop/laravel-app/laravel_e-commerce_original/vendor/laravel/framework/src/Illuminate/Routing/Pipeline.php(53): Illuminate\\Pipeline\\Pipeline->Illuminate\\Pipeline\\{closure}()
#54 /home/nwe/Desktop/laravel-app/laravel_e-commerce_original/vendor/laravel/framework/src/Illuminate/Foundation/Http/Middleware/ValidatePostSize.php(27): Illuminate\\Routing\\Pipeline->Illuminate\\Routing\\{closure}()
#55 /home/nwe/Desktop/laravel-app/laravel_e-commerce_original/vendor/laravel/framework/src/Illuminate/Pipeline/Pipeline.php(163): Illuminate\\Foundation\\Http\\Middleware\\ValidatePostSize->handle()
#56 /home/nwe/Desktop/laravel-app/laravel_e-commerce_original/vendor/laravel/framework/src/Illuminate/Routing/Pipeline.php(53): Illuminate\\Pipeline\\Pipeline->Illuminate\\Pipeline\\{closure}()
#57 /home/nwe/Desktop/laravel-app/laravel_e-commerce_original/vendor/laravel/framework/src/Illuminate/Foundation/Http/Middleware/CheckForMaintenanceMode.php(62): Illuminate\\Routing\\Pipeline->Illuminate\\Routing\\{closure}()
#58 /home/nwe/Desktop/laravel-app/laravel_e-commerce_original/vendor/laravel/framework/src/Illuminate/Pipeline/Pipeline.php(163): Illuminate\\Foundation\\Http\\Middleware\\CheckForMaintenanceMode->handle()
#59 /home/nwe/Desktop/laravel-app/laravel_e-commerce_original/vendor/laravel/framework/src/Illuminate/Routing/Pipeline.php(53): Illuminate\\Pipeline\\Pipeline->Illuminate\\Pipeline\\{closure}()
#60 /home/nwe/Desktop/laravel-app/laravel_e-commerce_original/vendor/fideloper/proxy/src/TrustProxies.php(57): Illuminate\\Routing\\Pipeline->Illuminate\\Routing\\{closure}()
#61 /home/nwe/Desktop/laravel-app/laravel_e-commerce_original/vendor/laravel/framework/src/Illuminate/Pipeline/Pipeline.php(163): Fideloper\\Proxy\\TrustProxies->handle()
#62 /home/nwe/Desktop/laravel-app/laravel_e-commerce_original/vendor/laravel/framework/src/Illuminate/Routing/Pipeline.php(53): Illuminate\\Pipeline\\Pipeline->Illuminate\\Pipeline\\{closure}()
#63 /home/nwe/Desktop/laravel-app/laravel_e-commerce_original/vendor/laravel/framework/src/Illuminate/Pipeline/Pipeline.php(104): Illuminate\\Routing\\Pipeline->Illuminate\\Routing\\{closure}()
#64 /home/nwe/Desktop/laravel-app/laravel_e-commerce_original/vendor/laravel/framework/src/Illuminate/Foundation/Http/Kernel.php(151): Illuminate\\Pipeline\\Pipeline->then()
#65 /home/nwe/Desktop/laravel-app/laravel_e-commerce_original/vendor/laravel/framework/src/Illuminate/Foundation/Http/Kernel.php(116): Illuminate\\Foundation\\Http\\Kernel->sendRequestThroughRouter()
#66 /home/nwe/Desktop/laravel-app/laravel_e-commerce_original/public/index.php(55): Illuminate\\Foundation\\Http\\Kernel->handle()
#67 /home/nwe/Desktop/laravel-app/laravel_e-commerce_original/server.php(21): require_once('/home/nwe/Deskt...')
#68 {main}
"} 
[2020-09-04 04:13:14] local.ERROR: SQLSTATE[HY000] [2002] Connection refused (SQL: select * from `users` where `email` = admin@mail.com limit 1) {"exception":"[object] (Illuminate\\Database\\QueryException(code: 2002): SQLSTATE[HY000] [2002] Connection refused (SQL: select * from `users` where `email` = admin@mail.com limit 1) at /home/nwe/Desktop/laravel-app/laravel_e-commerce_original/vendor/laravel/framework/src/Illuminate/Database/Connection.php:664, PDOException(code: 2002): SQLSTATE[HY000] [2002] Connection refused at /home/nwe/Desktop/laravel-app/laravel_e-commerce_original/vendor/laravel/framework/src/Illuminate/Database/Connectors/Connector.php:70)
[stacktrace]
#0 /home/nwe/Desktop/laravel-app/laravel_e-commerce_original/vendor/laravel/framework/src/Illuminate/Database/Connection.php(624): Illuminate\\Database\\Connection->runQueryCallback()
#1 /home/nwe/Desktop/laravel-app/laravel_e-commerce_original/vendor/laravel/framework/src/Illuminate/Database/Connection.php(333): Illuminate\\Database\\Connection->run()
#2 /home/nwe/Desktop/laravel-app/laravel_e-commerce_original/vendor/laravel/framework/src/Illuminate/Database/Query/Builder.php(2130): Illuminate\\Database\\Connection->select()
#3 /home/nwe/Desktop/laravel-app/laravel_e-commerce_original/vendor/laravel/framework/src/Illuminate/Database/Query/Builder.php(2118): Illuminate\\Database\\Query\\Builder->runSelect()
#4 /home/nwe/Desktop/laravel-app/laravel_e-commerce_original/vendor/laravel/framework/src/Illuminate/Database/Query/Builder.php(2604): Illuminate\\Database\\Query\\Builder->Illuminate\\Database\\Query\\{closure}()
#5 /home/nwe/Desktop/laravel-app/laravel_e-commerce_original/vendor/laravel/framework/src/Illuminate/Database/Query/Builder.php(2119): Illuminate\\Database\\Query\\Builder->onceWithColumns()
#6 /home/nwe/Desktop/laravel-app/laravel_e-commerce_original/vendor/laravel/framework/src/Illuminate/Database/Eloquent/Builder.php(521): Illuminate\\Database\\Query\\Builder->get()
#7 /home/nwe/Desktop/laravel-app/laravel_e-commerce_original/vendor/laravel/framework/src/Illuminate/Database/Eloquent/Builder.php(505): Illuminate\\Database\\Eloquent\\Builder->getModels()
#8 /home/nwe/Desktop/laravel-app/laravel_e-commerce_original/vendor/laravel/framework/src/Illuminate/Database/Concerns/BuildsQueries.php(77): Illuminate\\Database\\Eloquent\\Builder->get()
#9 /home/nwe/Desktop/laravel-app/laravel_e-commerce_original/vendor/laravel/framework/src/Illuminate/Auth/EloquentUserProvider.php(131): Illuminate\\Database\\Eloquent\\Builder->first()
#10 /home/nwe/Desktop/laravel-app/laravel_e-commerce_original/vendor/laravel/framework/src/Illuminate/Auth/SessionGuard.php(349): Illuminate\\Auth\\EloquentUserProvider->retrieveByCredentials()
#11 /home/nwe/Desktop/laravel-app/laravel_e-commerce_original/vendor/laravel/framework/src/Illuminate/Foundation/Auth/AuthenticatesUsers.php(82): Illuminate\\Auth\\SessionGuard->attempt()
#12 /home/nwe/Desktop/laravel-app/laravel_e-commerce_original/vendor/laravel/framework/src/Illuminate/Foundation/Auth/AuthenticatesUsers.php(45): App\\Http\\Controllers\\Auth\\LoginController->attemptLogin()
#13 [internal function]: App\\Http\\Controllers\\Auth\\LoginController->login()
#14 /home/nwe/Desktop/laravel-app/laravel_e-commerce_original/vendor/laravel/framework/src/Illuminate/Routing/Controller.php(54): call_user_func_array()
#15 /home/nwe/Desktop/laravel-app/laravel_e-commerce_original/vendor/laravel/framework/src/Illuminate/Routing/ControllerDispatcher.php(45): Illuminate\\Routing\\Controller->callAction()
#16 /home/nwe/Desktop/laravel-app/laravel_e-commerce_original/vendor/laravel/framework/src/Illuminate/Routing/Route.php(219): Illuminate\\Routing\\ControllerDispatcher->dispatch()
#17 /home/nwe/Desktop/laravel-app/laravel_e-commerce_original/vendor/laravel/framework/src/Illuminate/Routing/Route.php(176): Illuminate\\Routing\\Route->runController()
#18 /home/nwe/Desktop/laravel-app/laravel_e-commerce_original/vendor/laravel/framework/src/Illuminate/Routing/Router.php(680): Illuminate\\Routing\\Route->run()
#19 /home/nwe/Desktop/laravel-app/laravel_e-commerce_original/vendor/laravel/framework/src/Illuminate/Routing/Pipeline.php(30): Illuminate\\Routing\\Router->Illuminate\\Routing\\{closure}()
#20 /home/nwe/Desktop/laravel-app/laravel_e-commerce_original/app/Http/Middleware/RedirectIfAuthenticated.php(24): Illuminate\\Routing\\Pipeline->Illuminate\\Routing\\{closure}()
#21 /home/nwe/Desktop/laravel-app/laravel_e-commerce_original/vendor/laravel/framework/src/Illuminate/Pipeline/Pipeline.php(163): App\\Http\\Middleware\\RedirectIfAuthenticated->handle()
#22 /home/nwe/Desktop/laravel-app/laravel_e-commerce_original/vendor/laravel/framework/src/Illuminate/Routing/Pipeline.php(53): Illuminate\\Pipeline\\Pipeline->Illuminate\\Pipeline\\{closure}()
#23 /home/nwe/Desktop/laravel-app/laravel_e-commerce_original/vendor/laravel/framework/src/Illuminate/Routing/Middleware/SubstituteBindings.php(41): Illuminate\\Routing\\Pipeline->Illuminate\\Routing\\{closure}()
#24 /home/nwe/Desktop/laravel-app/laravel_e-commerce_original/vendor/laravel/framework/src/Illuminate/Pipeline/Pipeline.php(163): Illuminate\\Routing\\Middleware\\SubstituteBindings->handle()
#25 /home/nwe/Desktop/laravel-app/laravel_e-commerce_original/vendor/laravel/framework/src/Illuminate/Routing/Pipeline.php(53): Illuminate\\Pipeline\\Pipeline->Illuminate\\Pipeline\\{closure}()
#26 /home/nwe/Desktop/laravel-app/laravel_e-commerce_original/vendor/laravel/framework/src/Illuminate/Foundation/Http/Middleware/VerifyCsrfToken.php(75): Illuminate\\Routing\\Pipeline->Illuminate\\Routing\\{closure}()
#27 /home/nwe/Desktop/laravel-app/laravel_e-commerce_original/vendor/laravel/framework/src/Illuminate/Pipeline/Pipeline.php(163): Illuminate\\Foundation\\Http\\Middleware\\VerifyCsrfToken->handle()
#28 /home/nwe/Desktop/laravel-app/laravel_e-commerce_original/vendor/laravel/framework/src/Illuminate/Routing/Pipeline.php(53): Illuminate\\Pipeline\\Pipeline->Illuminate\\Pipeline\\{closure}()
#29 /home/nwe/Desktop/laravel-app/laravel_e-commerce_original/vendor/laravel/framework/src/Illuminate/View/Middleware/ShareErrorsFromSession.php(49): Illuminate\\Routing\\Pipeline->Illuminate\\Routing\\{closure}()
#30 /home/nwe/Desktop/laravel-app/laravel_e-commerce_original/vendor/laravel/framework/src/Illuminate/Pipeline/Pipeline.php(163): Illuminate\\View\\Middleware\\ShareErrorsFromSession->handle()
#31 /home/nwe/Desktop/laravel-app/laravel_e-commerce_original/vendor/laravel/framework/src/Illuminate/Routing/Pipeline.php(53): Illuminate\\Pipeline\\Pipeline->Illuminate\\Pipeline\\{closure}()
#32 /home/nwe/Desktop/laravel-app/laravel_e-commerce_original/vendor/laravel/framework/src/Illuminate/Session/Middleware/StartSession.php(56): Illuminate\\Routing\\Pipeline->Illuminate\\Routing\\{closure}()
#33 /home/nwe/Desktop/laravel-app/laravel_e-commerce_original/vendor/laravel/framework/src/Illuminate/Pipeline/Pipeline.php(163): Illuminate\\Session\\Middleware\\StartSession->handle()
#34 /home/nwe/Desktop/laravel-app/laravel_e-commerce_original/vendor/laravel/framework/src/Illuminate/Routing/Pipeline.php(53): Illuminate\\Pipeline\\Pipeline->Illuminate\\Pipeline\\{closure}()
#35 /home/nwe/Desktop/laravel-app/laravel_e-commerce_original/vendor/laravel/framework/src/Illuminate/Cookie/Middleware/AddQueuedCookiesToResponse.php(37): Illuminate\\Routing\\Pipeline->Illuminate\\Routing\\{closure}()
#36 /home/nwe/Desktop/laravel-app/laravel_e-commerce_original/vendor/laravel/framework/src/Illuminate/Pipeline/Pipeline.php(163): Illuminate\\Cookie\\Middleware\\AddQueuedCookiesToResponse->handle()
#37 /home/nwe/Desktop/laravel-app/laravel_e-commerce_original/vendor/laravel/framework/src/Illuminate/Routing/Pipeline.php(53): Illuminate\\Pipeline\\Pipeline->Illuminate\\Pipeline\\{closure}()
#38 /home/nwe/Desktop/laravel-app/laravel_e-commerce_original/vendor/laravel/framework/src/Illuminate/Cookie/Middleware/EncryptCookies.php(66): Illuminate\\Routing\\Pipeline->Illuminate\\Routing\\{closure}()
#39 /home/nwe/Desktop/laravel-app/laravel_e-commerce_original/vendor/laravel/framework/src/Illuminate/Pipeline/Pipeline.php(163): Illuminate\\Cookie\\Middleware\\EncryptCookies->handle()
#40 /home/nwe/Desktop/laravel-app/laravel_e-commerce_original/vendor/laravel/framework/src/Illuminate/Routing/Pipeline.php(53): Illuminate\\Pipeline\\Pipeline->Illuminate\\Pipeline\\{closure}()
#41 /home/nwe/Desktop/laravel-app/laravel_e-commerce_original/vendor/laravel/framework/src/Illuminate/Pipeline/Pipeline.php(104): Illuminate\\Routing\\Pipeline->Illuminate\\Routing\\{closure}()
#42 /home/nwe/Desktop/laravel-app/laravel_e-commerce_original/vendor/laravel/framework/src/Illuminate/Routing/Router.php(682): Illuminate\\Pipeline\\Pipeline->then()
#43 /home/nwe/Desktop/laravel-app/laravel_e-commerce_original/vendor/laravel/framework/src/Illuminate/Routing/Router.php(657): Illuminate\\Routing\\Router->runRouteWithinStack()
#44 /home/nwe/Desktop/laravel-app/laravel_e-commerce_original/vendor/laravel/framework/src/Illuminate/Routing/Router.php(623): Illuminate\\Routing\\Router->runRoute()
#45 /home/nwe/Desktop/laravel-app/laravel_e-commerce_original/vendor/laravel/framework/src/Illuminate/Routing/Router.php(612): Illuminate\\Routing\\Router->dispatchToRoute()
#46 /home/nwe/Desktop/laravel-app/laravel_e-commerce_original/vendor/laravel/framework/src/Illuminate/Foundation/Http/Kernel.php(176): Illuminate\\Routing\\Router->dispatch()
#47 /home/nwe/Desktop/laravel-app/laravel_e-commerce_original/vendor/laravel/framework/src/Illuminate/Routing/Pipeline.php(30): Illuminate\\Foundation\\Http\\Kernel->Illuminate\\Foundation\\Http\\{closure}()
#48 /home/nwe/Desktop/laravel-app/laravel_e-commerce_original/vendor/laravel/framework/src/Illuminate/Foundation/Http/Middleware/TransformsRequest.php(21): Illuminate\\Routing\\Pipeline->Illuminate\\Routing\\{closure}()
#49 /home/nwe/Desktop/laravel-app/laravel_e-commerce_original/vendor/laravel/framework/src/Illuminate/Pipeline/Pipeline.php(163): Illuminate\\Foundation\\Http\\Middleware\\TransformsRequest->handle()
#50 /home/nwe/Desktop/laravel-app/laravel_e-commerce_original/vendor/laravel/framework/src/Illuminate/Routing/Pipeline.php(53): Illuminate\\Pipeline\\Pipeline->Illuminate\\Pipeline\\{closure}()
#51 /home/nwe/Desktop/laravel-app/laravel_e-commerce_original/vendor/laravel/framework/src/Illuminate/Foundation/Http/Middleware/TransformsRequest.php(21): Illuminate\\Routing\\Pipeline->Illuminate\\Routing\\{closure}()
#52 /home/nwe/Desktop/laravel-app/laravel_e-commerce_original/vendor/laravel/framework/src/Illuminate/Pipeline/Pipeline.php(163): Illuminate\\Foundation\\Http\\Middleware\\TransformsRequest->handle()
#53 /home/nwe/Desktop/laravel-app/laravel_e-commerce_original/vendor/laravel/framework/src/Illuminate/Routing/Pipeline.php(53): Illuminate\\Pipeline\\Pipeline->Illuminate\\Pipeline\\{closure}()
#54 /home/nwe/Desktop/laravel-app/laravel_e-commerce_original/vendor/laravel/framework/src/Illuminate/Foundation/Http/Middleware/ValidatePostSize.php(27): Illuminate\\Routing\\Pipeline->Illuminate\\Routing\\{closure}()
#55 /home/nwe/Desktop/laravel-app/laravel_e-commerce_original/vendor/laravel/framework/src/Illuminate/Pipeline/Pipeline.php(163): Illuminate\\Foundation\\Http\\Middleware\\ValidatePostSize->handle()
#56 /home/nwe/Desktop/laravel-app/laravel_e-commerce_original/vendor/laravel/framework/src/Illuminate/Routing/Pipeline.php(53): Illuminate\\Pipeline\\Pipeline->Illuminate\\Pipeline\\{closure}()
#57 /home/nwe/Desktop/laravel-app/laravel_e-commerce_original/vendor/laravel/framework/src/Illuminate/Foundation/Http/Middleware/CheckForMaintenanceMode.php(62): Illuminate\\Routing\\Pipeline->Illuminate\\Routing\\{closure}()
#58 /home/nwe/Desktop/laravel-app/laravel_e-commerce_original/vendor/laravel/framework/src/Illuminate/Pipeline/Pipeline.php(163): Illuminate\\Foundation\\Http\\Middleware\\CheckForMaintenanceMode->handle()
#59 /home/nwe/Desktop/laravel-app/laravel_e-commerce_original/vendor/laravel/framework/src/Illuminate/Routing/Pipeline.php(53): Illuminate\\Pipeline\\Pipeline->Illuminate\\Pipeline\\{closure}()
#60 /home/nwe/Desktop/laravel-app/laravel_e-commerce_original/vendor/fideloper/proxy/src/TrustProxies.php(57): Illuminate\\Routing\\Pipeline->Illuminate\\Routing\\{closure}()
#61 /home/nwe/Desktop/laravel-app/laravel_e-commerce_original/vendor/laravel/framework/src/Illuminate/Pipeline/Pipeline.php(163): Fideloper\\Proxy\\TrustProxies->handle()
#62 /home/nwe/Desktop/laravel-app/laravel_e-commerce_original/vendor/laravel/framework/src/Illuminate/Routing/Pipeline.php(53): Illuminate\\Pipeline\\Pipeline->Illuminate\\Pipeline\\{closure}()
#63 /home/nwe/Desktop/laravel-app/laravel_e-commerce_original/vendor/laravel/framework/src/Illuminate/Pipeline/Pipeline.php(104): Illuminate\\Routing\\Pipeline->Illuminate\\Routing\\{closure}()
#64 /home/nwe/Desktop/laravel-app/laravel_e-commerce_original/vendor/laravel/framework/src/Illuminate/Foundation/Http/Kernel.php(151): Illuminate\\Pipeline\\Pipeline->then()
#65 /home/nwe/Desktop/laravel-app/laravel_e-commerce_original/vendor/laravel/framework/src/Illuminate/Foundation/Http/Kernel.php(116): Illuminate\\Foundation\\Http\\Kernel->sendRequestThroughRouter()
#66 /home/nwe/Desktop/laravel-app/laravel_e-commerce_original/public/index.php(55): Illuminate\\Foundation\\Http\\Kernel->handle()
#67 /home/nwe/Desktop/laravel-app/laravel_e-commerce_original/server.php(21): require_once('/home/nwe/Deskt...')
#68 {main}
"} 
[2020-09-04 04:13:59] local.ERROR: SQLSTATE[HY000] [2002] Connection refused (SQL: select * from information_schema.tables where table_schema = laravel_e_commerce_original and table_name = migrations and table_type = 'BASE TABLE') {"exception":"[object] (Illuminate\\Database\\QueryException(code: 2002): SQLSTATE[HY000] [2002] Connection refused (SQL: select * from information_schema.tables where table_schema = laravel_e_commerce_original and table_name = migrations and table_type = 'BASE TABLE') at /home/nwe/Desktop/laravel-app/laravel_e-commerce_original/vendor/laravel/framework/src/Illuminate/Database/Connection.php:664, PDOException(code: 2002): SQLSTATE[HY000] [2002] Connection refused at /home/nwe/Desktop/laravel-app/laravel_e-commerce_original/vendor/laravel/framework/src/Illuminate/Database/Connectors/Connector.php:70)
[stacktrace]
#0 /home/nwe/Desktop/laravel-app/laravel_e-commerce_original/vendor/laravel/framework/src/Illuminate/Database/Connection.php(624): Illuminate\\Database\\Connection->runQueryCallback()
#1 /home/nwe/Desktop/laravel-app/laravel_e-commerce_original/vendor/laravel/framework/src/Illuminate/Database/Connection.php(333): Illuminate\\Database\\Connection->run()
#2 /home/nwe/Desktop/laravel-app/laravel_e-commerce_original/vendor/laravel/framework/src/Illuminate/Database/Schema/MySqlBuilder.php(18): Illuminate\\Database\\Connection->select()
#3 /home/nwe/Desktop/laravel-app/laravel_e-commerce_original/vendor/laravel/framework/src/Illuminate/Database/Migrations/DatabaseMigrationRepository.php(169): Illuminate\\Database\\Schema\\MySqlBuilder->hasTable()
#4 /home/nwe/Desktop/laravel-app/laravel_e-commerce_original/vendor/laravel/framework/src/Illuminate/Database/Migrations/Migrator.php(585): Illuminate\\Database\\Migrations\\DatabaseMigrationRepository->repositoryExists()
#5 /home/nwe/Desktop/laravel-app/laravel_e-commerce_original/vendor/laravel/framework/src/Illuminate/Database/Console/Migrations/ResetCommand.php(63): Illuminate\\Database\\Migrations\\Migrator->repositoryExists()
#6 [internal function]: Illuminate\\Database\\Console\\Migrations\\ResetCommand->handle()
#7 /home/nwe/Desktop/laravel-app/laravel_e-commerce_original/vendor/laravel/framework/src/Illuminate/Container/BoundMethod.php(32): call_user_func_array()
#8 /home/nwe/Desktop/laravel-app/laravel_e-commerce_original/vendor/laravel/framework/src/Illuminate/Container/BoundMethod.php(90): Illuminate\\Container\\BoundMethod::Illuminate\\Container\\{closure}()
#9 /home/nwe/Desktop/laravel-app/laravel_e-commerce_original/vendor/laravel/framework/src/Illuminate/Container/BoundMethod.php(34): Illuminate\\Container\\BoundMethod::callBoundMethod()
#10 /home/nwe/Desktop/laravel-app/laravel_e-commerce_original/vendor/laravel/framework/src/Illuminate/Container/Container.php(576): Illuminate\\Container\\BoundMethod::call()
#11 /home/nwe/Desktop/laravel-app/laravel_e-commerce_original/vendor/laravel/framework/src/Illuminate/Console/Command.php(183): Illuminate\\Container\\Container->call()
#12 /home/nwe/Desktop/laravel-app/laravel_e-commerce_original/vendor/symfony/console/Command/Command.php(255): Illuminate\\Console\\Command->execute()
#13 /home/nwe/Desktop/laravel-app/laravel_e-commerce_original/vendor/laravel/framework/src/Illuminate/Console/Command.php(170): Symfony\\Component\\Console\\Command\\Command->run()
#14 /home/nwe/Desktop/laravel-app/laravel_e-commerce_original/vendor/laravel/framework/src/Illuminate/Console/Command.php(198): Illuminate\\Console\\Command->run()
#15 /home/nwe/Desktop/laravel-app/laravel_e-commerce_original/vendor/laravel/framework/src/Illuminate/Database/Console/Migrations/RefreshCommand.php(100): Illuminate\\Console\\Command->call()
#16 /home/nwe/Desktop/laravel-app/laravel_e-commerce_original/vendor/laravel/framework/src/Illuminate/Database/Console/Migrations/RefreshCommand.php(53): Illuminate\\Database\\Console\\Migrations\\RefreshCommand->runReset()
#17 [internal function]: Illuminate\\Database\\Console\\Migrations\\RefreshCommand->handle()
#18 /home/nwe/Desktop/laravel-app/laravel_e-commerce_original/vendor/laravel/framework/src/Illuminate/Container/BoundMethod.php(32): call_user_func_array()
#19 /home/nwe/Desktop/laravel-app/laravel_e-commerce_original/vendor/laravel/framework/src/Illuminate/Container/BoundMethod.php(90): Illuminate\\Container\\BoundMethod::Illuminate\\Container\\{closure}()
#20 /home/nwe/Desktop/laravel-app/laravel_e-commerce_original/vendor/laravel/framework/src/Illuminate/Container/BoundMethod.php(34): Illuminate\\Container\\BoundMethod::callBoundMethod()
#21 /home/nwe/Desktop/laravel-app/laravel_e-commerce_original/vendor/laravel/framework/src/Illuminate/Container/Container.php(576): Illuminate\\Container\\BoundMethod::call()
#22 /home/nwe/Desktop/laravel-app/laravel_e-commerce_original/vendor/laravel/framework/src/Illuminate/Console/Command.php(183): Illuminate\\Container\\Container->call()
#23 /home/nwe/Desktop/laravel-app/laravel_e-commerce_original/vendor/symfony/console/Command/Command.php(255): Illuminate\\Console\\Command->execute()
#24 /home/nwe/Desktop/laravel-app/laravel_e-commerce_original/vendor/laravel/framework/src/Illuminate/Console/Command.php(170): Symfony\\Component\\Console\\Command\\Command->run()
#25 /home/nwe/Desktop/laravel-app/laravel_e-commerce_original/vendor/symfony/console/Application.php(1000): Illuminate\\Console\\Command->run()
#26 /home/nwe/Desktop/laravel-app/laravel_e-commerce_original/vendor/symfony/console/Application.php(271): Symfony\\Component\\Console\\Application->doRunCommand()
#27 /home/nwe/Desktop/laravel-app/laravel_e-commerce_original/vendor/symfony/console/Application.php(147): Symfony\\Component\\Console\\Application->doRun()
#28 /home/nwe/Desktop/laravel-app/laravel_e-commerce_original/vendor/laravel/framework/src/Illuminate/Console/Application.php(90): Symfony\\Component\\Console\\Application->run()
#29 /home/nwe/Desktop/laravel-app/laravel_e-commerce_original/vendor/laravel/framework/src/Illuminate/Foundation/Console/Kernel.php(133): Illuminate\\Console\\Application->run()
#30 /home/nwe/Desktop/laravel-app/laravel_e-commerce_original/artisan(37): Illuminate\\Foundation\\Console\\Kernel->handle()
#31 {main}
"} 
